<?xml version="1.0" encoding="UTF-8"?>
<!-- Generated by org.testng.reporters.JUnitReportReporter -->
<testsuite hostname="Kalp35h-PC" name="com.testng.automation.WebTablesDemo" tests="1" failures="0" timestamp="3 Oct 2016 04:58:49 GMT" time="15.578" errors="0">
  <testcase name="DynamicWebTables" time="15.578" classname="com.testng.automation.WebTablesDemo"/>
</testsuite> <!-- com.testng.automation.WebTablesDemo -->
