<?xml version="1.0" encoding="UTF-8"?>
<!-- Generated by org.testng.reporters.JUnitReportReporter -->
<testsuite hostname="Kalp35h-PC" name="com.testng.automation.RightClickTest" tests="1" failures="0" timestamp="20 Aug 2016 12:43:46 GMT" time="13.533" errors="0">
  <testcase name="TestRightClick" time="13.533" classname="com.testng.automation.RightClickTest"/>
</testsuite> <!-- com.testng.automation.RightClickTest -->
