<?xml version="1.0" encoding="UTF-8"?>
<!-- Generated by org.testng.reporters.JUnitReportReporter -->
<testsuite hostname="Kalp35h-PC" name="com.testng.automation.Robot" tests="1" failures="0" timestamp="12 Oct 2016 16:25:42 GMT" time="11.150" errors="0">
  <testcase name="OpenNewTab" time="11.150" classname="com.testng.automation.Robot"/>
</testsuite> <!-- com.testng.automation.Robot -->
