<?xml version="1.0" encoding="UTF-8"?>
<!-- Generated by org.testng.reporters.JUnitReportReporter -->
<testsuite hostname="Kalp35h-PC" name="com.testng.automation.TestSetup" tests="1" failures="0" timestamp="22 Aug 2016 14:26:28 GMT" time="0.373" errors="0">
  <testcase name="tearDown" time="0.373" classname="com.testng.automation.TestSetup"/>
</testsuite> <!-- com.testng.automation.TestSetup -->
