<?xml version="1.0" encoding="UTF-8"?>
<!-- Generated by org.testng.reporters.JUnitReportReporter -->
<testsuite hostname="Kalp35h-PC" name="com.testng.automation.XPathFinding" tests="1" failures="0" timestamp="20 Aug 2016 09:39:52 GMT" time="5.307" errors="0">
  <testcase name="findXPath" time="5.307" classname="com.testng.automation.XPathFinding"/>
</testsuite> <!-- com.testng.automation.XPathFinding -->
