<?xml version="1.0" encoding="UTF-8"?>
<!-- Generated by org.testng.reporters.JUnitReportReporter -->
<testsuite hostname="Kalp35h-PC" name="com.testng.automation.TestXPathFindings" tests="1" failures="0" timestamp="20 Aug 2016 11:56:17 GMT" time="8.721" errors="0">
  <testcase name="Login" time="8.721" classname="com.testng.automation.TestXPathFindings"/>
</testsuite> <!-- com.testng.automation.TestXPathFindings -->
