<?xml version="1.0" encoding="UTF-8"?>
<!-- Generated by org.testng.reporters.JUnitReportReporter -->
<testsuite hostname="Kalp35h-PC" name="com.testng.automation.ToolTipDemo" tests="1" failures="0" timestamp="25 Sep 2016 04:28:21 GMT" time="10.242" errors="0">
  <testcase name="verifyToolTipText" time="10.242" classname="com.testng.automation.ToolTipDemo"/>
</testsuite> <!-- com.testng.automation.ToolTipDemo -->
