<?xml version="1.0" encoding="UTF-8"?>
<!-- Generated by org.testng.reporters.JUnitReportReporter -->
<testsuite hostname="Kalp35h-PC" name="com.testng.automation.POI_Excel" tests="1" failures="0" timestamp="23 Aug 2016 13:42:27 GMT" time="0.608" errors="0">
  <testcase name="getTestData" time="0.608" classname="com.testng.automation.POI_Excel"/>
</testsuite> <!-- com.testng.automation.POI_Excel -->
