<?xml version="1.0" encoding="UTF-8"?>
<!-- Generated by org.testng.reporters.JUnitReportReporter -->
<testsuite hostname="Kalp35h-PC" name="com.testng.automation.ListOfAnchorTags" tests="1" failures="0" timestamp="20 Aug 2016 12:52:05 GMT" time="11.763" errors="0">
  <testcase name="TestListOfAnchorTags" time="11.763" classname="com.testng.automation.ListOfAnchorTags"/>
</testsuite> <!-- com.testng.automation.ListOfAnchorTags -->
