<?xml version="1.0" encoding="UTF-8"?>
<!-- Generated by org.testng.reporters.JUnitReportReporter -->
<testsuite hostname="Kalp35h-PC" name="com.guru99.Testcases.getExcelData" tests="19" failures="0" timestamp="12 Oct 2016 16:08:22 GMT" time="0.032" errors="0">
  <testcase name="TC01_Verify_Login_Valid_Cred" time="0.000" classname="com.guru99.Testcases.getExcelData"/>
  <testcase name="TC01_Verify_Login_Valid_Cred" time="0.000" classname="com.guru99.Testcases.getExcelData"/>
  <testcase name="TC01_Verify_Login_Valid_Cred" time="0.000" classname="com.guru99.Testcases.getExcelData"/>
  <testcase name="TC01_Verify_Login_Valid_Cred" time="0.000" classname="com.guru99.Testcases.getExcelData"/>
  <testcase name="TC01_Verify_Login_Valid_Cred" time="0.000" classname="com.guru99.Testcases.getExcelData"/>
  <testcase name="TC01_Verify_Login_Valid_Cred" time="0.000" classname="com.guru99.Testcases.getExcelData"/>
  <testcase name="TC01_Verify_Login_Valid_Cred" time="0.000" classname="com.guru99.Testcases.getExcelData"/>
  <testcase name="TC01_Verify_Login_Valid_Cred" time="0.000" classname="com.guru99.Testcases.getExcelData"/>
  <testcase name="TC01_Verify_Login_Valid_Cred" time="0.000" classname="com.guru99.Testcases.getExcelData"/>
  <testcase name="TC01_Verify_Login_Valid_Cred" time="0.000" classname="com.guru99.Testcases.getExcelData"/>
  <testcase name="TC01_Verify_Login_Valid_Cred" time="0.000" classname="com.guru99.Testcases.getExcelData"/>
  <testcase name="TC01_Verify_Login_Valid_Cred" time="0.017" classname="com.guru99.Testcases.getExcelData"/>
  <testcase name="TC01_Verify_Login_Valid_Cred" time="0.015" classname="com.guru99.Testcases.getExcelData"/>
  <testcase name="TC01_Verify_Login_Valid_Cred" time="0.000" classname="com.guru99.Testcases.getExcelData"/>
  <testcase name="TC01_Verify_Login_Valid_Cred" time="0.000" classname="com.guru99.Testcases.getExcelData"/>
  <testcase name="TC01_Verify_Login_Valid_Cred" time="0.000" classname="com.guru99.Testcases.getExcelData"/>
  <testcase name="TC01_Verify_Login_Valid_Cred" time="0.000" classname="com.guru99.Testcases.getExcelData"/>
  <testcase name="TC01_Verify_Login_Valid_Cred" time="0.000" classname="com.guru99.Testcases.getExcelData"/>
  <testcase name="TC01_Verify_Login_Valid_Cred" time="0.000" classname="com.guru99.Testcases.getExcelData"/>
</testsuite> <!-- com.guru99.Testcases.getExcelData -->
