<?xml version="1.0" encoding="UTF-8"?>
<!-- Generated by org.testng.reporters.JUnitReportReporter -->
<testsuite hostname="Kalp35h-PC" name="com.guru99.Testcases.MavenBuild" tests="1" failures="0" timestamp="17 Oct 2016 06:39:11 GMT" time="0.000" errors="0">
  <testcase name="DisplayIt" time="0.000" classname="com.guru99.Testcases.MavenBuild"/>
</testsuite> <!-- com.guru99.Testcases.MavenBuild -->
