<?xml version="1.0" encoding="UTF-8"?>
<!-- Generated by org.testng.reporters.JUnitReportReporter -->
<testsuite hostname="Kalp35h-PC" name="com.guru99.Testcases.TC_007_verify_File_Download" tests="1" failures="0" timestamp="17 Oct 2016 06:18:01 GMT" time="130.332" errors="0">
  <testcase name="verify_Download" time="130.332" classname="com.guru99.Testcases.TC_007_verify_File_Download"/>
</testsuite> <!-- com.guru99.Testcases.TC_007_verify_File_Download -->
