<?xml version="1.0" encoding="UTF-8"?>
<!-- Generated by org.testng.reporters.JUnitReportReporter -->
<testsuite hostname="Kalp35h-PC" name="com.guru99.Testcases.TC_008_Email_Functionality" tests="1" failures="0" timestamp="1 Nov 2016 13:26:37 GMT" time="15.893" errors="0">
  <testcase name="execute" time="15.893" classname="com.guru99.Testcases.TC_008_Email_Functionality"/>
</testsuite> <!-- com.guru99.Testcases.TC_008_Email_Functionality -->
