<?xml version="1.0" encoding="UTF-8"?>
<!-- Generated by org.testng.reporters.JUnitReportReporter -->
<testsuite hostname="Kalp35h-PC" name="com.guru99.Testcases.TC_001_Verify_Login_Credentials" tests="1" failures="0" timestamp="23 Oct 2016 13:23:27 GMT" time="6.289" errors="0">
  <testcase name="OpenNewTab" time="6.289" classname="com.guru99.Testcases.TC_001_Verify_Login_Credentials"/>
</testsuite> <!-- com.guru99.Testcases.TC_001_Verify_Login_Credentials -->
