<?xml version="1.0" encoding="UTF-8"?>
<!-- Generated by org.testng.reporters.JUnitReportReporter -->
<testsuite hostname="Kalp35h-PC" name="com.guru99.Testcases.TC_005_iText_PDF_reader" tests="1" failures="0" timestamp="7 Oct 2016 06:36:17 GMT" time="6.995" errors="0">
  <testcase name="read_PDF" time="6.995" classname="com.guru99.Testcases.TC_005_iText_PDF_reader"/>
</testsuite> <!-- com.guru99.Testcases.TC_005_iText_PDF_reader -->
