<?xml version="1.0" encoding="UTF-8"?>
<!-- Generated by org.testng.reporters.JUnitReportReporter -->
<testsuite hostname="Kalp35h-PC" name="com.guru99.Reports.ExtentReport" tests="1" failures="0" timestamp="25 Dec 2016 14:34:45 GMT" time="19.663" errors="0">
  <testcase name="verifyBlogTitle" time="19.663" classname="com.guru99.Reports.ExtentReport"/>
</testsuite> <!-- com.guru99.Reports.ExtentReport -->
