<?xml version="1.0" encoding="UTF-8"?>
<!-- Generated by org.testng.reporters.JUnitReportReporter -->
<testsuite hostname="Kalp35h-PC" name="com.guru99.Testcases.TC_006_verify_File_Upload_and_Download" tests="1" failures="0" timestamp="10 Oct 2016 05:56:18 GMT" time="20.218" errors="0">
  <testcase name="verify_file_upload_Autoit" time="20.218" classname="com.guru99.Testcases.TC_006_verify_File_Upload_and_Download"/>
</testsuite> <!-- com.guru99.Testcases.TC_006_verify_File_Upload_and_Download -->
