<?xml version="1.0" encoding="UTF-8"?>
<!-- Generated by org.testng.reporters.JUnitReportReporter -->
<testsuite hostname="Kalp35h-PC" name="com.guru99.Testcases.TC_003_verify_Add_New_Customer" tests="1" failures="0" timestamp="6 Oct 2016 13:03:14 GMT" time="17.702" errors="0">
  <testcase name="add_New_Customer" time="17.702" classname="com.guru99.Testcases.TC_003_verify_Add_New_Customer"/>
</testsuite> <!-- com.guru99.Testcases.TC_003_verify_Add_New_Customer -->
