<?xml version="1.0" encoding="UTF-8"?>
<!-- Generated by org.testng.reporters.JUnitReportReporter -->
<testsuite hostname="Kalp35h-PC" name="com.guru99.Testcases.TC_004_PDF_Verify" tests="1" failures="1" timestamp="7 Oct 2016 05:37:34 GMT" time="1.919" errors="0">
  <testcase name="verify_PDF_Content" time="1.919" classname="com.guru99.Testcases.TC_004_PDF_Verify">
    <failure type="java.lang.NoSuchMethodError" message="org.apache.fontbox.afm.AFMParser.parse(Z)Lorg/apache/fontbox/afm/FontMetrics;">
      <![CDATA[java.lang.NoSuchMethodError: org.apache.fontbox.afm.AFMParser.parse(Z)Lorg/apache/fontbox/afm/FontMetrics;
	at org.apache.pdfbox.pdmodel.font.Standard14Fonts.addAFM(Standard14Fonts.java:118)
	at org.apache.pdfbox.pdmodel.font.Standard14Fonts.addAFM(Standard14Fonts.java:97)
	at org.apache.pdfbox.pdmodel.font.Standard14Fonts.<clinit>(Standard14Fonts.java:50)
	at org.apache.pdfbox.pdmodel.font.PDFont.<init>(PDFont.java:112)
	at org.apache.pdfbox.pdmodel.font.PDType0Font.<init>(PDType0Font.java:119)
	at org.apache.pdfbox.pdmodel.font.PDFontFactory.createFont(PDFontFactory.java:83)
	at org.apache.pdfbox.pdmodel.PDResources.getFont(PDResources.java:143)
	at org.apache.pdfbox.contentstream.operator.text.SetFontAndSize.process(SetFontAndSize.java:60)
	at org.apache.pdfbox.contentstream.PDFStreamEngine.processOperator(PDFStreamEngine.java:815)
	at org.apache.pdfbox.contentstream.PDFStreamEngine.processStreamOperators(PDFStreamEngine.java:472)
	at org.apache.pdfbox.contentstream.PDFStreamEngine.processStream(PDFStreamEngine.java:446)
	at org.apache.pdfbox.contentstream.PDFStreamEngine.processPage(PDFStreamEngine.java:149)
	at org.apache.pdfbox.text.LegacyPDFStreamEngine.processPage(LegacyPDFStreamEngine.java:139)
	at org.apache.pdfbox.text.PDFTextStripper.processPage(PDFTextStripper.java:391)
	at org.apache.pdfbox.text.PDFTextStripper.processPages(PDFTextStripper.java:319)
	at org.apache.pdfbox.text.PDFTextStripper.writeText(PDFTextStripper.java:266)
	at org.apache.pdfbox.text.PDFTextStripper.getText(PDFTextStripper.java:227)
	at com.guru99.Testcases.TC_004_PDF_Verify.verify_PDF_Content(TC_004_PDF_Verify.java:44)
	at sun.reflect.NativeMethodAccessorImpl.invoke0(Native Method)
	at sun.reflect.NativeMethodAccessorImpl.invoke(Unknown Source)
	at sun.reflect.DelegatingMethodAccessorImpl.invoke(Unknown Source)
	at java.lang.reflect.Method.invoke(Unknown Source)
	at org.testng.internal.MethodInvocationHelper.invokeMethod(MethodInvocationHelper.java:84)
	at org.testng.internal.Invoker.invokeMethod(Invoker.java:714)
	at org.testng.internal.Invoker.invokeTestMethod(Invoker.java:901)
	at org.testng.internal.Invoker.invokeTestMethods(Invoker.java:1231)
	at org.testng.internal.TestMethodWorker.invokeTestMethods(TestMethodWorker.java:127)
	at org.testng.internal.TestMethodWorker.run(TestMethodWorker.java:111)
	at org.testng.TestRunner.privateRun(TestRunner.java:767)
	at org.testng.TestRunner.run(TestRunner.java:617)
	at org.testng.SuiteRunner.runTest(SuiteRunner.java:334)
	at org.testng.SuiteRunner.runSequentially(SuiteRunner.java:329)
	at org.testng.SuiteRunner.privateRun(SuiteRunner.java:291)
	at org.testng.SuiteRunner.run(SuiteRunner.java:240)
	at org.testng.SuiteRunnerWorker.runSuite(SuiteRunnerWorker.java:52)
	at org.testng.SuiteRunnerWorker.run(SuiteRunnerWorker.java:86)
	at org.testng.TestNG.runSuitesSequentially(TestNG.java:1224)
	at org.testng.TestNG.runSuitesLocally(TestNG.java:1149)
	at org.testng.TestNG.run(TestNG.java:1057)
	at org.testng.remote.AbstractRemoteTestNG.run(AbstractRemoteTestNG.java:126)
	at org.testng.remote.RemoteTestNG.initAndRun(RemoteTestNG.java:152)
	at org.testng.remote.RemoteTestNG.main(RemoteTestNG.java:57)
]]>
    </failure>
  </testcase> <!-- verify_PDF_Content -->
</testsuite> <!-- com.guru99.Testcases.TC_004_PDF_Verify -->
